# JRE version: OpenJDK Runtime Environment Temurin-17.0.5+8 (17.0.5+8) (build 17.0.5+8)
# Java VM: OpenJDK 64-Bit Server VM Temurin-17.0.5+8 (17.0.5+8, mixed mode, tiered, compressed oops, compressed class ptrs, parallel gc, windows-amd64)
GC Precious Log:
 CPUs: 12 total, 12 available
 Memory: 7541M
 Large Page Support: Disabled
 NUMA Support: Disabled
 Compressed Oops: Enabled (32-bit)
 Alignments: Space 512K, Generation 512K, Heap 2M
 Heap Min Capacity: 100M
 Heap Initial Capacity: 100M
 Heap Max Capacity: 1G
 Pre-touch: Disabled
 Parallel Workers: 10
Heap:
 PSYoungGen      total 6656K, used 5168K [0x00000000eab00000, 0x00000000ec180000, 0x0000000100000000)
  eden space 6144K, 75% used [0x00000000eab00000,0x00000000eaf8c3e8,0x00000000eb100000)
  from space 512K, 100% used [0x00000000ec100000,0x00000000ec180000,0x00000000ec180000)
  to   space 6656K, 0% used [0x00000000eb480000,0x00000000eb480000,0x00000000ebb00000)
 ParOldGen       total 103936K, used 84948K [0x00000000c0000000, 0x00000000c6580000, 0x00000000eab00000)
  object space 103936K, 81% used [0x00000000c0000000,0x00000000c52f5098,0x00000000c6580000)
 Metaspace       used 62941K, committed 63808K, reserved 1105920K
  class space    used 6772K, committed 7168K, reserved 1048576K
GC Heap History (20 events):
Event: 11.206 GC heap before
{Heap before GC invocations=30 (full 3):
 PSYoungGen      total 20480K, used 19456K [0x00000000eab00000, 0x00000000ec000000, 0x0000000100000000)
  eden space 19456K, 100% used [0x00000000eab00000,0x00000000ebe00000,0x00000000ebe00000)
  from space 1024K, 0% used [0x00000000ebf00000,0x00000000ebf00000,0x00000000ec000000)
  to   space 1024K, 0% used [0x00000000ebe00000,0x00000000ebe00000,0x00000000ebf00000)
 ParOldGen       total 68608K, used 32187K [0x00000000c0000000, 0x00000000c4300000, 0x00000000eab00000)
  object space 68608K, 46% used [0x00000000c0000000,0x00000000c1f6ed20,0x00000000c4300000)
 Metaspace       used 61058K, committed 61952K, reserved 1105920K
  class space    used 6584K, committed 6976K, reserved 1048576K
}
Event: 11.209 GC heap after
{Heap after GC invocations=30 (full 3):
 PSYoungGen      total 20480K, used 1019K [0x00000000eab00000, 0x00000000ec900000, 0x0000000100000000)
  eden space 19456K, 0% used [0x00000000eab00000,0x00000000eab00000,0x00000000ebe00000)
  from space 1024K, 99% used [0x00000000ebe00000,0x00000000ebefec90,0x00000000ebf00000)
  to   space 5632K, 0% used [0x00000000ec380000,0x00000000ec380000,0x00000000ec900000)
 ParOldGen       total 68608K, used 35678K [0x00000000c0000000, 0x00000000c4300000, 0x00000000eab00000)
  object space 68608K, 52% used [0x00000000c0000000,0x00000000c22d7b68,0x00000000c4300000)
 Metaspace       used 61058K, committed 61952K, reserved 1105920K
  class space    used 6584K, committed 6976K, reserved 1048576K
}
Event: 13.461 GC heap before
{Heap before GC invocations=31 (full 3):
 PSYoungGen      total 20480K, used 16848K [0x00000000eab00000, 0x00000000ec900000, 0x0000000100000000)
  eden space 19456K, 81% used [0x00000000eab00000,0x00000000eba75768,0x00000000ebe00000)
  from space 1024K, 99% used [0x00000000ebe00000,0x00000000ebefec90,0x00000000ebf00000)
  to   space 5632K, 0% used [0x00000000ec380000,0x00000000ec380000,0x00000000ec900000)
 ParOldGen       total 68608K, used 35678K [0x00000000c0000000, 0x00000000c4300000, 0x00000000eab00000)
  object space 68608K, 52% used [0x00000000c0000000,0x00000000c22d7b68,0x00000000c4300000)
 Metaspace       used 62030K, committed 62976K, reserved 1105920K
  class space    used 6683K, committed 7104K, reserved 1048576K
}
Event: 13.464 GC heap after
{Heap after GC invocations=31 (full 3):
 PSYoungGen      total 25088K, used 5126K [0x00000000eab00000, 0x00000000ec900000, 0x0000000100000000)
  eden space 19456K, 0% used [0x00000000eab00000,0x00000000eab00000,0x00000000ebe00000)
  from space 5632K, 91% used [0x00000000ec380000,0x00000000ec881a60,0x00000000ec900000)
  to   space 5632K, 0% used [0x00000000ebe00000,0x00000000ebe00000,0x00000000ec380000)
 ParOldGen       total 68608K, used 36816K [0x00000000c0000000, 0x00000000c4300000, 0x00000000eab00000)
  object space 68608K, 53% used [0x00000000c0000000,0x00000000c23f43e8,0x00000000c4300000)
 Metaspace       used 62030K, committed 62976K, reserved 1105920K
  class space    used 6683K, committed 7104K, reserved 1048576K
}
Event: 13.534 GC heap before
{Heap before GC invocations=32 (full 3):
 PSYoungGen      total 25088K, used 24582K [0x00000000eab00000, 0x00000000ec900000, 0x0000000100000000)
  eden space 19456K, 100% used [0x00000000eab00000,0x00000000ebe00000,0x00000000ebe00000)
  from space 5632K, 91% used [0x00000000ec380000,0x00000000ec881a60,0x00000000ec900000)
  to   space 5632K, 0% used [0x00000000ebe00000,0x00000000ebe00000,0x00000000ec380000)
 ParOldGen       total 79872K, used 74155K [0x00000000c0000000, 0x00000000c4e00000, 0x00000000eab00000)
  object space 79872K, 92% used [0x00000000c0000000,0x00000000c486af38,0x00000000c4e00000)
 Metaspace       used 62037K, committed 62976K, reserved 1105920K
  class space    used 6685K, committed 7104K, reserved 1048576K
}
Event: 13.537 GC heap after
{Heap after GC invocations=32 (full 3):
 PSYoungGen      total 25088K, used 5632K [0x00000000eab00000, 0x00000000ece00000, 0x0000000100000000)
  eden space 19456K, 0% used [0x00000000eab00000,0x00000000eab00000,0x00000000ebe00000)
  from space 5632K, 100% used [0x00000000ebe00000,0x00000000ec380000,0x00000000ec380000)
  to   space 8192K, 0% used [0x00000000ec600000,0x00000000ec600000,0x00000000ece00000)
 ParOldGen       total 79872K, used 75866K [0x00000000c0000000, 0x00000000c4e00000, 0x00000000eab00000)
  object space 79872K, 94% used [0x00000000c0000000,0x00000000c4a16868,0x00000000c4e00000)
 Metaspace       used 62037K, committed 62976K, reserved 1105920K
  class space    used 6685K, committed 7104K, reserved 1048576K
}
Event: 13.584 GC heap before
{Heap before GC invocations=33 (full 3):
 PSYoungGen      total 25088K, used 25088K [0x00000000eab00000, 0x00000000ece00000, 0x0000000100000000)
  eden space 19456K, 100% used [0x00000000eab00000,0x00000000ebe00000,0x00000000ebe00000)
  from space 5632K, 100% used [0x00000000ebe00000,0x00000000ec380000,0x00000000ec380000)
  to   space 8192K, 0% used [0x00000000ec600000,0x00000000ec600000,0x00000000ece00000)
 ParOldGen       total 79872K, used 75866K [0x00000000c0000000, 0x00000000c4e00000, 0x00000000eab00000)
  object space 79872K, 94% used [0x00000000c0000000,0x00000000c4a16868,0x00000000c4e00000)
 Metaspace       used 62037K, committed 62976K, reserved 1105920K
  class space    used 6685K, committed 7104K, reserved 1048576K
}
Event: 13.593 GC heap after
{Heap after GC invocations=33 (full 3):
 PSYoungGen      total 14336K, used 8192K [0x00000000eab00000, 0x00000000ee800000, 0x0000000100000000)
  eden space 6144K, 0% used [0x00000000eab00000,0x00000000eab00000,0x00000000eb100000)
  from space 8192K, 100% used [0x00000000ec600000,0x00000000ece00000,0x00000000ece00000)
  to   space 21504K, 0% used [0x00000000eb100000,0x00000000eb100000,0x00000000ec600000)
 ParOldGen       total 87040K, used 86986K [0x00000000c0000000, 0x00000000c5500000, 0x00000000eab00000)
  object space 87040K, 99% used [0x00000000c0000000,0x00000000c54f2868,0x00000000c5500000)
 Metaspace       used 62037K, committed 62976K, reserved 1105920K
  class space    used 6685K, committed 7104K, reserved 1048576K
}
Event: 13.593 GC heap before
{Heap before GC invocations=34 (full 4):
 PSYoungGen      total 14336K, used 8192K [0x00000000eab00000, 0x00000000ee800000, 0x0000000100000000)
  eden space 6144K, 0% used [0x00000000eab00000,0x00000000eab00000,0x00000000eb100000)
  from space 8192K, 100% used [0x00000000ec600000,0x00000000ece00000,0x00000000ece00000)
  to   space 21504K, 0% used [0x00000000eb100000,0x00000000eb100000,0x00000000ec600000)
 ParOldGen       total 87040K, used 86986K [0x00000000c0000000, 0x00000000c5500000, 0x00000000eab00000)
  object space 87040K, 99% used [0x00000000c0000000,0x00000000c54f2868,0x00000000c5500000)
 Metaspace       used 62037K, committed 62976K, reserved 1105920K
  class space    used 6685K, committed 7104K, reserved 1048576K
}
Event: 13.628 GC heap after
{Heap after GC invocations=34 (full 4):
 PSYoungGen      total 27648K, used 0K [0x00000000eab00000, 0x00000000edb00000, 0x0000000100000000)
  eden space 6144K, 0% used [0x00000000eab00000,0x00000000eab00000,0x00000000eb100000)
  from space 21504K, 0% used [0x00000000eb100000,0x00000000eb100000,0x00000000ec600000)
  to   space 21504K, 0% used [0x00000000ec600000,0x00000000ec600000,0x00000000edb00000)
 ParOldGen       total 103936K, used 66484K [0x00000000c0000000, 0x00000000c6580000, 0x00000000eab00000)
  object space 103936K, 63% used [0x00000000c0000000,0x00000000c40ed098,0x00000000c6580000)
 Metaspace       used 62037K, committed 62976K, reserved 1105920K
  class space    used 6685K, committed 7104K, reserved 1048576K
}
Event: 13.640 GC heap before
{Heap before GC invocations=35 (full 4):
 PSYoungGen      total 27648K, used 6144K [0x00000000eab00000, 0x00000000edb00000, 0x0000000100000000)
  eden space 6144K, 100% used [0x00000000eab00000,0x00000000eb100000,0x00000000eb100000)
  from space 21504K, 0% used [0x00000000eb100000,0x00000000eb100000,0x00000000ec600000)
  to   space 21504K, 0% used [0x00000000ec600000,0x00000000ec600000,0x00000000edb00000)
 ParOldGen       total 103936K, used 66484K [0x00000000c0000000, 0x00000000c6580000, 0x00000000eab00000)
  object space 103936K, 63% used [0x00000000c0000000,0x00000000c40ed098,0x00000000c6580000)
 Metaspace       used 62037K, committed 62976K, reserved 1105920K
  class space    used 6685K, committed 7104K, reserved 1048576K
}
Event: 13.642 GC heap after
{Heap after GC invocations=35 (full 4):
 PSYoungGen      total 10752K, used 4448K [0x00000000eab00000, 0x00000000eca80000, 0x0000000100000000)
  eden space 6144K, 0% used [0x00000000eab00000,0x00000000eab00000,0x00000000eb100000)
  from space 4608K, 96% used [0x00000000ec600000,0x00000000eca58000,0x00000000eca80000)
  to   space 10240K, 0% used [0x00000000eb680000,0x00000000eb680000,0x00000000ec080000)
 ParOldGen       total 103936K, used 66484K [0x00000000c0000000, 0x00000000c6580000, 0x00000000eab00000)
  object space 103936K, 63% used [0x00000000c0000000,0x00000000c40ed098,0x00000000c6580000)
 Metaspace       used 62037K, committed 62976K, reserved 1105920K
  class space    used 6685K, committed 7104K, reserved 1048576K
}
Event: 13.655 GC heap before
{Heap before GC invocations=36 (full 4):
 PSYoungGen      total 10752K, used 10592K [0x00000000eab00000, 0x00000000eca80000, 0x0000000100000000)
  eden space 6144K, 100% used [0x00000000eab00000,0x00000000eb100000,0x00000000eb100000)
  from space 4608K, 96% used [0x00000000ec600000,0x00000000eca58000,0x00000000eca80000)
  to   space 10240K, 0% used [0x00000000eb680000,0x00000000eb680000,0x00000000ec080000)
 ParOldGen       total 103936K, used 66484K [0x00000000c0000000, 0x00000000c6580000, 0x00000000eab00000)
  object space 103936K, 63% used [0x00000000c0000000,0x00000000c40ed098,0x00000000c6580000)
 Metaspace       used 62037K, committed 62976K, reserved 1105920K
  class space    used 6685K, committed 7104K, reserved 1048576K
}
Event: 13.658 GC heap after
{Heap after GC invocations=36 (full 4):
 PSYoungGen      total 16384K, used 4448K [0x00000000eab00000, 0x00000000ec680000, 0x0000000100000000)
  eden space 6144K, 0% used [0x00000000eab00000,0x00000000eab00000,0x00000000eb100000)
  from space 10240K, 43% used [0x00000000eb680000,0x00000000ebad8000,0x00000000ec080000)
  to   space 5632K, 0% used [0x00000000ec100000,0x00000000ec100000,0x00000000ec680000)
 ParOldGen       total 103936K, used 70804K [0x00000000c0000000, 0x00000000c6580000, 0x00000000eab00000)
  object space 103936K, 68% used [0x00000000c0000000,0x00000000c4525098,0x00000000c6580000)
 Metaspace       used 62037K, committed 62976K, reserved 1105920K
  class space    used 6685K, committed 7104K, reserved 1048576K
}
Event: 13.672 GC heap before
{Heap before GC invocations=37 (full 4):
 PSYoungGen      total 16384K, used 10592K [0x00000000eab00000, 0x00000000ec680000, 0x0000000100000000)
  eden space 6144K, 100% used [0x00000000eab00000,0x00000000eb100000,0x00000000eb100000)
  from space 10240K, 43% used [0x00000000eb680000,0x00000000ebad8000,0x00000000ec080000)
  to   space 5632K, 0% used [0x00000000ec100000,0x00000000ec100000,0x00000000ec680000)
 ParOldGen       total 103936K, used 70804K [0x00000000c0000000, 0x00000000c6580000, 0x00000000eab00000)
  object space 103936K, 68% used [0x00000000c0000000,0x00000000c4525098,0x00000000c6580000)
 Metaspace       used 62037K, committed 62976K, reserved 1105920K
  class space    used 6685K, committed 7104K, reserved 1048576K
}
Event: 13.675 GC heap after
{Heap after GC invocations=37 (full 4):
 PSYoungGen      total 10752K, used 4480K [0x00000000eab00000, 0x00000000ec580000, 0x0000000100000000)
  eden space 6144K, 0% used [0x00000000eab00000,0x00000000eab00000,0x00000000eb100000)
  from space 4608K, 97% used [0x00000000ec100000,0x00000000ec560000,0x00000000ec580000)
  to   space 4608K, 0% used [0x00000000ebc80000,0x00000000ebc80000,0x00000000ec100000)
 ParOldGen       total 103936K, used 75116K [0x00000000c0000000, 0x00000000c6580000, 0x00000000eab00000)
  object space 103936K, 72% used [0x00000000c0000000,0x00000000c495b098,0x00000000c6580000)
 Metaspace       used 62037K, committed 62976K, reserved 1105920K
  class space    used 6685K, committed 7104K, reserved 1048576K
}
Event: 13.688 GC heap before
{Heap before GC invocations=38 (full 4):
 PSYoungGen      total 10752K, used 10624K [0x00000000eab00000, 0x00000000ec580000, 0x0000000100000000)
  eden space 6144K, 100% used [0x00000000eab00000,0x00000000eb100000,0x00000000eb100000)
  from space 4608K, 97% used [0x00000000ec100000,0x00000000ec560000,0x00000000ec580000)
  to   space 4608K, 0% used [0x00000000ebc80000,0x00000000ebc80000,0x00000000ec100000)
 ParOldGen       total 103936K, used 75116K [0x00000000c0000000, 0x00000000c6580000, 0x00000000eab00000)
  object space 103936K, 72% used [0x00000000c0000000,0x00000000c495b098,0x00000000c6580000)
 Metaspace       used 62037K, committed 62976K, reserved 1105920K
  class space    used 6685K, committed 7104K, reserved 1048576K
}
Event: 13.691 GC heap after
{Heap after GC invocations=38 (full 4):
 PSYoungGen      total 10752K, used 4480K [0x00000000eab00000, 0x00000000ec180000, 0x0000000100000000)
  eden space 6144K, 0% used [0x00000000eab00000,0x00000000eab00000,0x00000000eb100000)
  from space 4608K, 97% used [0x00000000ebc80000,0x00000000ec0e0000,0x00000000ec100000)
  to   space 512K, 0% used [0x00000000ec100000,0x00000000ec100000,0x00000000ec180000)
 ParOldGen       total 103936K, used 79484K [0x00000000c0000000, 0x00000000c6580000, 0x00000000eab00000)
  object space 103936K, 76% used [0x00000000c0000000,0x00000000c4d9f098,0x00000000c6580000)
 Metaspace       used 62037K, committed 62976K, reserved 1105920K
  class space    used 6685K, committed 7104K, reserved 1048576K
}
Event: 70.339 GC heap before
{Heap before GC invocations=39 (full 4):
 PSYoungGen      total 10752K, used 10623K [0x00000000eab00000, 0x00000000ec180000, 0x0000000100000000)
  eden space 6144K, 99% used [0x00000000eab00000,0x00000000eb0ffdc8,0x00000000eb100000)
  from space 4608K, 97% used [0x00000000ebc80000,0x00000000ec0e0000,0x00000000ec100000)
  to   space 512K, 0% used [0x00000000ec100000,0x00000000ec100000,0x00000000ec180000)
 ParOldGen       total 103936K, used 79484K [0x00000000c0000000, 0x00000000c6580000, 0x00000000eab00000)
  object space 103936K, 76% used [0x00000000c0000000,0x00000000c4d9f098,0x00000000c6580000)
 Metaspace       used 62614K, committed 63552K, reserved 1105920K
  class space    used 6741K, committed 7168K, reserved 1048576K
}
Event: 70.492 GC heap after
{Heap after GC invocations=39 (full 4):
 PSYoungGen      total 6656K, used 512K [0x00000000eab00000, 0x00000000ec180000, 0x0000000100000000)
  eden space 6144K, 0% used [0x00000000eab00000,0x00000000eab00000,0x00000000eb100000)
  from space 512K, 100% used [0x00000000ec100000,0x00000000ec180000,0x00000000ec180000)
  to   space 6656K, 0% used [0x00000000eb480000,0x00000000eb480000,0x00000000ebb00000)
 ParOldGen       total 103936K, used 84948K [0x00000000c0000000, 0x00000000c6580000, 0x00000000eab00000)
  object space 103936K, 81% used [0x00000000c0000000,0x00000000c52f5098,0x00000000c6580000)
 Metaspace       used 62614K, committed 63552K, reserved 1105920K
  class space    used 6741K, committed 7168K, reserved 1048576K
}

